2021-31-30 15:31:26.016 [main] INFO  utilities.Log - >> Opens the selected browser from POM command line properties
2021-31-30 15:31:28.566 [main] INFO  utilities.Log - >> User is navigated to MiroSignup page: https://miro.com/signup/
2021-31-30 15:31:28.744 [main] INFO  utilities.Log - >> URL of loaded page: https://miro.com/signup/
2021-31-30 15:31:28.849 [main] INFO  utilities.Log - >> Entered Name:
2021-31-30 15:31:29.388 [main] INFO  utilities.Log - >> Entered workemail:Raleigh.Bogan@fakeEmail.com
2021-31-30 15:31:29.544 [main] INFO  utilities.Log - >> Entered password:Miro@2021
2021-31-30 15:31:29.589 [main] INFO  utilities.Log - >> Checked checkbox is:PolicyAgreement
2021-31-30 15:31:29.728 [main] INFO  utilities.Log - >> Get Started now button is clicked
2021-31-30 15:31:29.844 [main] INFO  utilities.Log - >> Name_error: Please enter your name.
2021-31-30 15:31:29.894 [main] INFO  utilities.Log - >> User is not navigated to signupconfirmation page:https://miro.com/signup/
2021-31-30 15:31:29.920 [main] INFO  utilities.Log - >> User is still on signup page: https://miro.com/signup/
2021-31-30 15:31:30.347 [main] INFO  utilities.Log - >> Quits the browser
2021-31-30 15:31:31.817 [main] INFO  utilities.Log - >> Opens the selected browser from POM command line properties
2021-31-30 15:31:34.445 [main] INFO  utilities.Log - >> User is navigated to MiroSignup page: https://miro.com/signup/
2021-31-30 15:31:34.604 [main] INFO  utilities.Log - >> URL of loaded page: https://miro.com/signup/
2021-31-30 15:31:34.731 [main] INFO  utilities.Log - >> Entered Name:Edmond
2021-31-30 15:31:34.841 [main] INFO  utilities.Log - >> Entered workemail:
2021-31-30 15:31:35.000 [main] INFO  utilities.Log - >> Entered password:Miro@2021
2021-31-30 15:31:35.045 [main] INFO  utilities.Log - >> Checked checkbox is:PolicyAgreement
2021-31-30 15:31:35.188 [main] INFO  utilities.Log - >> Get Started now button is clicked
2021-31-30 15:31:35.292 [main] INFO  utilities.Log - >> workEmail_error: Please enter your email address.
2021-31-30 15:31:35.336 [main] INFO  utilities.Log - >> User is not navigated to signupconfirmation page:https://miro.com/signup/
2021-31-30 15:31:35.358 [main] INFO  utilities.Log - >> User is still on signup page: https://miro.com/signup/
2021-31-30 15:31:35.690 [main] INFO  utilities.Log - >> Quits the browser
2021-31-30 15:31:36.930 [main] INFO  utilities.Log - >> Opens the selected browser from POM command line properties
2021-31-30 15:31:39.389 [main] INFO  utilities.Log - >> User is navigated to MiroSignup page: https://miro.com/signup/
2021-31-30 15:31:39.557 [main] INFO  utilities.Log - >> URL of loaded page: https://miro.com/signup/
2021-31-30 15:31:39.677 [main] INFO  utilities.Log - >> Entered Name:Rolf
2021-31-30 15:31:39.841 [main] INFO  utilities.Log - >> Entered workemail:Mason.Ruecker@fakeEmail.com
2021-31-30 15:31:39.944 [main] INFO  utilities.Log - >> Entered password:
2021-31-30 15:31:39.982 [main] INFO  utilities.Log - >> Checked checkbox is:PolicyAgreement
2021-31-30 15:31:40.116 [main] INFO  utilities.Log - >> Get Started now button is clicked
2021-31-30 15:31:40.223 [main] INFO  utilities.Log - >> password_error: Please enter your password.
2021-31-30 15:31:40.275 [main] INFO  utilities.Log - >> User is not navigated to signupconfirmation page:https://miro.com/signup/
2021-31-30 15:31:40.296 [main] INFO  utilities.Log - >> User is still on signup page: https://miro.com/signup/
2021-31-30 15:31:40.634 [main] INFO  utilities.Log - >> Quits the browser
2021-31-30 15:31:41.876 [main] INFO  utilities.Log - >> Opens the selected browser from POM command line properties
2021-31-30 15:31:44.447 [main] INFO  utilities.Log - >> User is navigated to MiroSignup page: https://miro.com/signup/
2021-31-30 15:31:44.620 [main] INFO  utilities.Log - >> URL of loaded page: https://miro.com/signup/
2021-31-30 15:31:44.742 [main] INFO  utilities.Log - >> Entered Name:Lorina
2021-31-30 15:31:44.905 [main] INFO  utilities.Log - >> Entered workemail:Kate.Shanahan@fakeEmail.com
2021-31-30 15:31:45.059 [main] INFO  utilities.Log - >> Entered password:Miro@2021
2021-31-30 15:31:45.061 [main] INFO  utilities.Log - >> Checked checkbox is:
2021-31-30 15:31:45.203 [main] INFO  utilities.Log - >> Get Started now button is clicked
2021-31-30 15:31:45.308 [main] INFO  utilities.Log - >> policyAgreement_error: Please agree with the Terms to sign up.
2021-31-30 15:31:45.349 [main] INFO  utilities.Log - >> User is not navigated to signupconfirmation page:https://miro.com/signup/
2021-31-30 15:31:45.372 [main] INFO  utilities.Log - >> User is still on signup page: https://miro.com/signup/
2021-31-30 15:31:45.709 [main] INFO  utilities.Log - >> Quits the browser
2021-31-30 15:31:46.961 [main] INFO  utilities.Log - >> Opens the selected browser from POM command line properties
2021-31-30 15:31:49.554 [main] INFO  utilities.Log - >> User is navigated to MiroSignup page: https://miro.com/signup/
2021-31-30 15:31:49.716 [main] INFO  utilities.Log - >> URL of loaded page: https://miro.com/signup/
2021-31-30 15:31:49.819 [main] INFO  utilities.Log - >> Entered Name:
2021-31-30 15:31:49.920 [main] INFO  utilities.Log - >> Entered workemail:
2021-31-30 15:31:50.023 [main] INFO  utilities.Log - >> Entered password:
2021-31-30 15:31:50.024 [main] INFO  utilities.Log - >> Checked checkbox is:
2021-31-30 15:31:50.160 [main] INFO  utilities.Log - >> Get Started now button is clicked
2021-31-30 15:31:50.269 [main] INFO  utilities.Log - >> Name_error: Please enter your name.
2021-31-30 15:31:50.366 [main] INFO  utilities.Log - >> workEmail_error: Please enter your email address.
2021-31-30 15:31:50.462 [main] INFO  utilities.Log - >> password_error: Please enter your password.
2021-31-30 15:31:50.552 [main] INFO  utilities.Log - >> policyAgreement_error: Please agree with the Terms to sign up.
2021-31-30 15:31:50.591 [main] INFO  utilities.Log - >> User is not navigated to signupconfirmation page:https://miro.com/signup/
2021-31-30 15:31:50.613 [main] INFO  utilities.Log - >> User is still on signup page: https://miro.com/signup/
2021-31-30 15:31:50.990 [main] INFO  utilities.Log - >> Quits the browser
2021-31-30 15:31:52.414 [main] INFO  utilities.Log - >> Opens the selected browser from POM command line properties
2021-31-30 15:31:54.952 [main] INFO  utilities.Log - >> User is navigated to MiroSignup page: https://miro.com/signup/
2021-31-30 15:31:55.121 [main] INFO  utilities.Log - >> URL of loaded page: https://miro.com/signup/
2021-31-30 15:31:55.240 [main] INFO  utilities.Log - >> Entered Name:Soo
2021-31-30 15:31:55.408 [main] INFO  utilities.Log - >> Entered workemail:Hassan.Gerlach@fakeEmail.com
2021-31-30 15:31:55.507 [main] INFO  utilities.Log - >> Entered password:
2021-31-30 15:31:55.508 [main] INFO  utilities.Log - >> Checked checkbox is:
2021-31-30 15:31:55.638 [main] INFO  utilities.Log - >> Get Started now button is clicked
2021-31-30 15:31:55.739 [main] INFO  utilities.Log - >> password_error: Please enter your password.
2021-31-30 15:31:55.831 [main] INFO  utilities.Log - >> policyAgreement_error: Please agree with the Terms to sign up.
2021-31-30 15:31:55.870 [main] INFO  utilities.Log - >> User is not navigated to signupconfirmation page:https://miro.com/signup/
2021-31-30 15:31:55.889 [main] INFO  utilities.Log - >> User is still on signup page: https://miro.com/signup/
2021-31-30 15:31:56.183 [main] INFO  utilities.Log - >> Quits the browser
2021-31-30 15:31:57.404 [main] INFO  utilities.Log - >> Opens the selected browser from POM command line properties
2021-32-30 15:32:00.012 [main] INFO  utilities.Log - >> User is navigated to MiroSignup page: https://miro.com/signup/
2021-32-30 15:32:00.188 [main] INFO  utilities.Log - >> URL of loaded page: https://miro.com/signup/
2021-32-30 15:32:00.290 [main] INFO  utilities.Log - >> Entered Name:
2021-32-30 15:32:00.398 [main] INFO  utilities.Log - >> Entered workemail:
2021-32-30 15:32:00.495 [main] INFO  utilities.Log - >> Entered password:
2021-32-30 15:32:00.532 [main] INFO  utilities.Log - >> Checked checkbox is:PolicyAgreement
2021-32-30 15:32:00.672 [main] INFO  utilities.Log - >> Get Started now button is clicked
2021-32-30 15:32:00.771 [main] INFO  utilities.Log - >> Name_error: Please enter your name.
2021-32-30 15:32:00.864 [main] INFO  utilities.Log - >> workEmail_error: Please enter your email address.
2021-32-30 15:32:00.958 [main] INFO  utilities.Log - >> password_error: Please enter your password.
2021-32-30 15:32:00.996 [main] INFO  utilities.Log - >> User is not navigated to signupconfirmation page:https://miro.com/signup/
2021-32-30 15:32:01.016 [main] INFO  utilities.Log - >> User is still on signup page: https://miro.com/signup/
2021-32-30 15:32:01.380 [main] INFO  utilities.Log - >> Quits the browser
2021-32-30 15:32:02.605 [main] INFO  utilities.Log - >> Opens the selected browser from POM command line properties
2021-32-30 15:32:05.265 [main] INFO  utilities.Log - >> User is navigated to MiroSignup page: https://miro.com/signup/
2021-32-30 15:32:05.427 [main] INFO  utilities.Log - >> URL of loaded page: https://miro.com/signup/
2021-32-30 15:32:05.561 [main] INFO  utilities.Log - >> Entered Name:Phuong
2021-32-30 15:32:05.683 [main] INFO  utilities.Log - >> Entered workemail:test
2021-32-30 15:32:05.857 [main] INFO  utilities.Log - >> Entered password:<Password>
2021-32-30 15:32:05.896 [main] INFO  utilities.Log - >> Checked checkbox is:PolicyAgreement
2021-32-30 15:32:06.044 [main] INFO  utilities.Log - >> Get Started now button is clicked
2021-32-30 15:32:06.148 [main] INFO  utilities.Log - >> Error message when workemail is incorrect: The email you entered is incorrect.
2021-32-30 15:32:06.188 [main] INFO  utilities.Log - >> User is not navigated to signupconfirmation page:https://miro.com/signup/
2021-32-30 15:32:06.209 [main] INFO  utilities.Log - >> User is still on signup page: https://miro.com/signup/
2021-32-30 15:32:06.614 [main] INFO  utilities.Log - >> Quits the browser
2021-32-30 15:32:07.842 [main] INFO  utilities.Log - >> Opens the selected browser from POM command line properties
2021-32-30 15:32:10.512 [main] INFO  utilities.Log - >> User is navigated to MiroSignup page: https://miro.com/signup/
2021-32-30 15:32:10.682 [main] INFO  utilities.Log - >> URL of loaded page: https://miro.com/signup/
2021-32-30 15:32:10.806 [main] INFO  utilities.Log - >> Entered Name:Keiko
2021-32-30 15:32:10.923 [main] INFO  utilities.Log - >> Entered workemail:test@
2021-32-30 15:32:11.088 [main] INFO  utilities.Log - >> Entered password:<Password>
2021-32-30 15:32:11.121 [main] INFO  utilities.Log - >> Checked checkbox is:PolicyAgreement
2021-32-30 15:32:11.259 [main] INFO  utilities.Log - >> Get Started now button is clicked
2021-32-30 15:32:11.357 [main] INFO  utilities.Log - >> Error message when workemail is incorrect: The email you entered is incorrect.
2021-32-30 15:32:11.398 [main] INFO  utilities.Log - >> User is not navigated to signupconfirmation page:https://miro.com/signup/
2021-32-30 15:32:11.418 [main] INFO  utilities.Log - >> User is still on signup page: https://miro.com/signup/
2021-32-30 15:32:11.755 [main] INFO  utilities.Log - >> Quits the browser
2021-32-30 15:32:12.975 [main] INFO  utilities.Log - >> Opens the selected browser from POM command line properties
2021-32-30 15:32:15.635 [main] INFO  utilities.Log - >> User is navigated to MiroSignup page: https://miro.com/signup/
2021-32-30 15:32:15.808 [main] INFO  utilities.Log - >> URL of loaded page: https://miro.com/signup/
2021-32-30 15:32:15.937 [main] INFO  utilities.Log - >> Entered Name:Vikki
2021-32-30 15:32:16.063 [main] INFO  utilities.Log - >> Entered workemail:test@miro
2021-32-30 15:32:16.220 [main] INFO  utilities.Log - >> Entered password:<Password>
2021-32-30 15:32:16.255 [main] INFO  utilities.Log - >> Checked checkbox is:PolicyAgreement
2021-32-30 15:32:17.464 [main] INFO  utilities.Log - >> Get Started now button is clicked
2021-32-30 15:32:17.556 [main] INFO  utilities.Log - >> Error message when workemail is incorrect: This doesn’t look like an email address. Please check it for typos and try again.
2021-32-30 15:32:17.596 [main] INFO  utilities.Log - >> User is not navigated to signupconfirmation page:https://miro.com/signup/
2021-32-30 15:32:17.614 [main] INFO  utilities.Log - >> User is still on signup page: https://miro.com/signup/
2021-32-30 15:32:17.919 [main] INFO  utilities.Log - >> Quits the browser
2021-32-30 15:32:19.323 [main] INFO  utilities.Log - >> Opens the selected browser from POM command line properties
2021-32-30 15:32:21.630 [main] INFO  utilities.Log - >> User is navigated to MiroSignup page: https://miro.com/signup/
2021-32-30 15:32:21.792 [main] INFO  utilities.Log - >> URL of loaded page: https://miro.com/signup/
2021-32-30 15:32:21.917 [main] INFO  utilities.Log - >> Entered Name:Stuart
2021-32-30 15:32:22.039 [main] INFO  utilities.Log - >> Entered workemail:test.com
2021-32-30 15:32:22.207 [main] INFO  utilities.Log - >> Entered password:<Password>
2021-32-30 15:32:22.244 [main] INFO  utilities.Log - >> Checked checkbox is:PolicyAgreement
2021-32-30 15:32:22.380 [main] INFO  utilities.Log - >> Get Started now button is clicked
2021-32-30 15:32:22.475 [main] INFO  utilities.Log - >> Error message when workemail is incorrect: The email you entered is incorrect.
2021-32-30 15:32:22.516 [main] INFO  utilities.Log - >> User is not navigated to signupconfirmation page:https://miro.com/signup/
2021-32-30 15:32:22.536 [main] INFO  utilities.Log - >> User is still on signup page: https://miro.com/signup/
2021-32-30 15:32:22.882 [main] INFO  utilities.Log - >> Quits the browser
2021-32-30 15:32:24.125 [main] INFO  utilities.Log - >> Opens the selected browser from POM command line properties
2021-32-30 15:32:27.056 [main] INFO  utilities.Log - >> User is navigated to MiroSignup page: https://miro.com/signup/
2021-32-30 15:32:27.229 [main] INFO  utilities.Log - >> URL of loaded page: https://miro.com/signup/
2021-32-30 15:32:27.350 [main] INFO  utilities.Log - >> Entered Name:Hubert
2021-32-30 15:32:27.516 [main] INFO  utilities.Log - >> Entered workemail:Junie.Zemlak@fakeEmail.com
2021-32-30 15:32:27.628 [main] INFO  utilities.Log - >> Entered password:test
2021-32-30 15:32:27.664 [main] INFO  utilities.Log - >> Checked checkbox is:PolicyAgreement
2021-32-30 15:32:27.799 [main] INFO  utilities.Log - >> Get Started now button is clicked
2021-32-30 15:32:28.508 [main] INFO  utilities.Log - >> Error message when Password is incorrect: Please use 8+ characters for secure password
2021-32-30 15:32:28.547 [main] INFO  utilities.Log - >> User is not navigated to signupconfirmation page:https://miro.com/signup/
2021-32-30 15:32:28.567 [main] INFO  utilities.Log - >> User is still on signup page: https://miro.com/signup/
2021-32-30 15:32:28.898 [main] INFO  utilities.Log - >> Quits the browser
2021-32-30 15:32:30.148 [main] INFO  utilities.Log - >> Opens the selected browser from POM command line properties
2021-32-30 15:32:32.272 [main] INFO  utilities.Log - >> User is navigated to MiroSignup page: https://miro.com/signup/
2021-32-30 15:32:32.437 [main] INFO  utilities.Log - >> URL of loaded page: https://miro.com/signup/
2021-32-30 15:32:32.553 [main] INFO  utilities.Log - >> Entered Name:Jane
2021-32-30 15:32:32.730 [main] INFO  utilities.Log - >> Entered workemail:Antoinette.Haag@fakeEmail.com
2021-32-30 15:32:32.869 [main] INFO  utilities.Log - >> Entered password:test@128
2021-32-30 15:32:32.902 [main] INFO  utilities.Log - >> Checked checkbox is:PolicyAgreement
2021-32-30 15:32:34.905 [main] INFO  utilities.Log - >> Get Started now button is clicked
2021-32-30 15:32:43.553 [main] INFO  utilities.Log - >> Quits the browser
2021-32-30 15:32:44.947 [main] INFO  utilities.Log - >> Opens the selected browser from POM command line properties
2021-32-30 15:32:47.495 [main] INFO  utilities.Log - >> User is navigated to MiroSignup page: https://miro.com/signup/
2021-32-30 15:32:47.653 [main] INFO  utilities.Log - >> URL of loaded page: https://miro.com/signup/
2021-32-30 15:32:47.770 [main] INFO  utilities.Log - >> Entered Name:Marion
2021-32-30 15:32:47.938 [main] INFO  utilities.Log - >> Entered workemail:Brenda.Harvey@fakeEmail.com
2021-32-30 15:32:48.083 [main] INFO  utilities.Log - >> Entered password:Miro@2021
2021-32-30 15:32:48.117 [main] INFO  utilities.Log - >> Checked checkbox is:PolicyAgreement
2021-32-30 15:32:52.020 [main] INFO  utilities.Log - >> Get Started now button is clicked
2021-32-30 15:32:52.020 [main] INFO  utilities.Log - >> Sign-up a client with emailaddress:Brenda.Harvey@fakeEmail.com
2021-32-30 15:32:52.878 [main] INFO  utilities.Log - >> User is navigated to MiroSignup page: https://miro.com/signup/
2021-32-30 15:32:52.989 [main] INFO  utilities.Log - >> Entered Name:Delila
2021-32-30 15:32:53.278 [main] INFO  utilities.Log - >> Entered password:Miro@2021
2021-32-30 15:32:53.307 [main] INFO  utilities.Log - >> Checked checkbox is:PolicyAgreement
2021-32-30 15:32:54.331 [main] INFO  utilities.Log - >> Get Started now button is clicked
2021-32-30 15:32:54.403 [main] INFO  utilities.Log - >> Error message when user uses already registered email address for signupSorry, this email is already registered
2021-32-30 15:32:55.592 [main] INFO  utilities.Log - >> Quits the browser
2021-32-30 15:32:56.827 [main] INFO  utilities.Log - >> Opens the selected browser from POM command line properties
2021-32-30 15:32:58.992 [main] INFO  utilities.Log - >> User is navigated to MiroSignup page: https://miro.com/signup/
2021-32-30 15:32:59.156 [main] INFO  utilities.Log - >> URL of loaded page: https://miro.com/signup/
2021-32-30 15:32:59.278 [main] INFO  utilities.Log - >> Entered Name:Alethea
2021-32-30 15:32:59.444 [main] INFO  utilities.Log - >> Entered workemail:Quinn.Watsica@fakeEmail.com
2021-32-30 15:32:59.596 [main] INFO  utilities.Log - >> Entered password:Miro@2021
2021-32-30 15:32:59.631 [main] INFO  utilities.Log - >> Checked checkbox is:PolicyAgreement
2021-32-30 15:32:59.666 [main] INFO  utilities.Log - >> Checked checkbox is:News&UpdateAgreement
2021-33-30 15:33:01.516 [main] INFO  utilities.Log - >> Get Started now button is clicked
2021-33-30 15:33:01.536 [main] INFO  utilities.Log - >> Navigates to confirmation page: https://miro.com/email-confirm/
2021-33-30 15:33:01.612 [main] INFO  utilities.Log - >> Title of the confirmation page: Check your email
2021-33-30 15:33:01.702 [main] INFO  utilities.Log - >> Email id displayed on Confirmation page: We've sent you a six-digit confirmation code to Quinn.Watsica@fakeEmail.com. Please enter it below to confirm your email address.
2021-33-30 15:33:01.819 [main] INFO  utilities.Log - >> A textbox is displayed to enter 6 digit code: true
2021-33-30 15:33:02.197 [main] INFO  utilities.Log - >> Quits the browser
2021-33-30 15:33:03.406 [main] INFO  utilities.Log - >> Opens the selected browser from POM command line properties
2021-33-30 15:33:05.991 [main] INFO  utilities.Log - >> User is navigated to MiroSignup page: https://miro.com/signup/
2021-33-30 15:33:06.156 [main] INFO  utilities.Log - >> URL of loaded page: https://miro.com/signup/
2021-33-30 15:33:06.274 [main] INFO  utilities.Log - >> Entered Name:Arla
2021-33-30 15:33:06.440 [main] INFO  utilities.Log - >> Entered workemail:Troy.Spinka@fakeEmail.com
2021-33-30 15:33:06.592 [main] INFO  utilities.Log - >> Entered password:Miro@2021
2021-33-30 15:33:06.626 [main] INFO  utilities.Log - >> Checked checkbox is:PolicyAgreement
2021-33-30 15:33:08.562 [main] INFO  utilities.Log - >> Get Started now button is clicked
2021-33-30 15:33:08.579 [main] INFO  utilities.Log - >> Navigates to confirmation page: https://miro.com/email-confirm/
2021-33-30 15:33:08.656 [main] INFO  utilities.Log - >> Title of the confirmation page: Check your email
2021-33-30 15:33:08.752 [main] INFO  utilities.Log - >> Email id displayed on Confirmation page: We've sent you a six-digit confirmation code to Troy.Spinka@fakeEmail.com. Please enter it below to confirm your email address.
2021-33-30 15:33:08.874 [main] INFO  utilities.Log - >> A textbox is displayed to enter 6 digit code: true
2021-33-30 15:33:09.301 [main] INFO  utilities.Log - >> Quits the browser
